Building DAG of jobs...
Using shell: /usr/bin/bash
Provided cores: 1 (use --cores to define parallelism)
Rules claiming more threads will be scaled down.
Job stats:
job      count    min threads    max threads
-----  -------  -------------  -------------
qc           1              1              1
total        1              1              1

Select jobs to execute...

[Fri Dec  6 21:50:51 2024]
rule qc:
    input: /kyukon/data/gent/courses/2024/design_project_C003698/groups/group01/RNA/metadata.txt.gz, /kyukon/data/gent/courses/2024/design_project_C003698/groups/group01/RNA/scripts/processing/2_qc.R
    output: /kyukon/data/gent/courses/2024/design_project_C003698/groups/group01/RNA/qc/qc_metrics_histogram.pdf, /kyukon/data/gent/courses/2024/design_project_C003698/groups/group01/RNA/qc/sample_metadata_after_qc.txt.gz
    log: /kyukon/data/gent/courses/2024/design_project_C003698/groups/group01/RNA_logs/qc.log
    jobid: 0
    reason: Missing output files: /kyukon/data/gent/courses/2024/design_project_C003698/groups/group01/RNA/qc/qc_metrics_histogram.pdf, /kyukon/data/gent/courses/2024/design_project_C003698/groups/group01/RNA/qc/sample_metadata_after_qc.txt.gz
    resources: tmpdir=/tmp, mem_mb=3000, mem_mib=2862

[Fri Dec  6 21:51:25 2024]
Finished job 0.
1 of 1 steps (100%) done
Complete log: .snakemake/log/2024-12-06T215042.669997.snakemake.log
