Building DAG of jobs...
Using shell: /usr/bin/bash
Provided cores: 1 (use --cores to define parallelism)
Rules claiming more threads will be scaled down.
Job stats:
job              count    min threads    max threads
-------------  -------  -------------  -------------
create_seurat        1              1              1
total                1              1              1

Select jobs to execute...

[Fri Dec  6 21:47:01 2024]
rule create_seurat:
    input: /kyukon/data/gent/courses/2024/design_project_C003698/groups/group01/RNA/scripts/processing/1_create_seurat_rna.R, /kyukon/data/gent/courses/2024/design_project_C003698/groups/group01/processed_GEO_data
    output: /kyukon/data/gent/courses/2024/design_project_C003698/groups/group01/RNA/seurat.rds, /kyukon/data/gent/courses/2024/design_project_C003698/groups/group01/RNA/metadata.txt.gz
    log: /kyukon/data/gent/courses/2024/design_project_C003698/groups/group01/RNA_logs/create_seurat.log
    jobid: 0
    reason: Missing output files: /kyukon/data/gent/courses/2024/design_project_C003698/groups/group01/RNA/seurat.rds, /kyukon/data/gent/courses/2024/design_project_C003698/groups/group01/RNA/metadata.txt.gz
    resources: tmpdir=/tmp, mem_mb=50000, mem_mib=47684

[Fri Dec  6 21:48:20 2024]
Finished job 0.
1 of 1 steps (100%) done
Complete log: .snakemake/log/2024-12-06T214653.704172.snakemake.log
