Building DAG of jobs...
Using shell: /usr/bin/bash
Provided cores: 1 (use --cores to define parallelism)
Rules claiming more threads will be scaled down.
Job stats:
job              count    min threads    max threads
-------------  -------  -------------  -------------
seurat_to_sce        1              1              1
total                1              1              1

Select jobs to execute...

[Fri Dec  6 22:22:33 2024]
rule seurat_to_sce:
    input: /kyukon/data/gent/courses/2024/design_project_C003698/groups/group01/RNA/seurat.rds, /kyukon/data/gent/courses/2024/design_project_C003698/groups/group01/RNA/qc/sample_metadata_after_qc.txt.gz, /kyukon/data/gent/courses/2024/design_project_C003698/groups/group01/RNA/scripts/processing/3_seurat_to_SCE.R
    output: /kyukon/data/gent/courses/2024/design_project_C003698/groups/group01/RNA/SingleCellExperiment.rds, /kyukon/data/gent/courses/2024/design_project_C003698/groups/group01/RNA/qc/sample_metadata_after_cellstate.txt.gz
    log: /kyukon/data/gent/courses/2024/design_project_C003698/groups/group01/RNA_logs/seurat_to_sce.log
    jobid: 0
    reason: Missing output files: /kyukon/data/gent/courses/2024/design_project_C003698/groups/group01/RNA/SingleCellExperiment.rds, /kyukon/data/gent/courses/2024/design_project_C003698/groups/group01/RNA/qc/sample_metadata_after_cellstate.txt.gz
    resources: tmpdir=/tmp, mem_mb=50000, mem_mib=47684

[Fri Dec  6 22:25:57 2024]
Error in rule seurat_to_sce:
    jobid: 0
    input: /kyukon/data/gent/courses/2024/design_project_C003698/groups/group01/RNA/seurat.rds, /kyukon/data/gent/courses/2024/design_project_C003698/groups/group01/RNA/qc/sample_metadata_after_qc.txt.gz, /kyukon/data/gent/courses/2024/design_project_C003698/groups/group01/RNA/scripts/processing/3_seurat_to_SCE.R
    output: /kyukon/data/gent/courses/2024/design_project_C003698/groups/group01/RNA/SingleCellExperiment.rds, /kyukon/data/gent/courses/2024/design_project_C003698/groups/group01/RNA/qc/sample_metadata_after_cellstate.txt.gz
    log: /kyukon/data/gent/courses/2024/design_project_C003698/groups/group01/RNA_logs/seurat_to_sce.log (check log file(s) for error details)
    shell:
        Rscript /kyukon/data/gent/courses/2024/design_project_C003698/groups/group01/RNA/scripts/processing/3_seurat_to_SCE.R --samples C1 C2 C3 Early1 Early2 Early3 --seurat /kyukon/data/gent/courses/2024/design_project_C003698/groups/group01/RNA/seurat.rds --metadata /kyukon/data/gent/courses/2024/design_project_C003698/groups/group01/RNA/qc/sample_metadata_after_qc.txt.gz --metadata_out /kyukon/data/gent/courses/2024/design_project_C003698/groups/group01/RNA/qc/sample_metadata_after_cellstate.txt.gz --outfile /kyukon/data/gent/courses/2024/design_project_C003698/groups/group01/RNA/SingleCellExperiment.rds > /kyukon/data/gent/courses/2024/design_project_C003698/groups/group01/RNA_logs/seurat_to_sce.log
        (one of the commands exited with non-zero exit code; note that snakemake uses bash strict mode!)

Shutting down, this might take some time.
Exiting because a job execution failed. Look above for error message
Complete log: .snakemake/log/2024-12-06T222224.336642.snakemake.log
