Building DAG of jobs...
Using shell: /usr/bin/bash
Provided cores: 1 (use --cores to define parallelism)
Rules claiming more threads will be scaled down.
Job stats:
job                         count    min threads    max threads
------------------------  -------  -------------  -------------
all                             1              1              1
dimensionality_reduction        4              1              1
total                           5              1              1

Select jobs to execute...

[Fri Dec  6 22:51:22 2024]
rule dimensionality_reduction:
    input: /kyukon/data/gent/courses/2024/design_project_C003698/groups/group01/RNA/scripts/dimensionality_reduction/dimensionality_reduction.R, /kyukon/data/gent/courses/2024/design_project_C003698/groups/group01/RNA/SingleCellExperiment.rds, /kyukon/data/gent/courses/2024/design_project_C003698/groups/group01/RNA/doublet_detection/sample_metadata_after_doublets.txt.gz
    output: /kyukon/data/gent/courses/2024/design_project_C003698/groups/group01/RNA/dimensionality_reduction/batch_correction_None/pca_features2500_pcs15_all.txt.gz
    log: /kyukon/data/gent/courses/2024/design_project_C003698/groups/group01/RNA_logs/dimensionality_reduction_features2500_pcs15_batch_correction_None_all.log
    jobid: 10
    reason: Missing output files: /kyukon/data/gent/courses/2024/design_project_C003698/groups/group01/RNA/dimensionality_reduction/batch_correction_None/pca_features2500_pcs15_all.txt.gz
    wildcards: batch_variable=None, dimred_sce_features=2500, dimred_sce_npcs=15, incl_samples=all
    resources: tmpdir=/tmp, mem_mb=20000, mem_mib=19074

[Fri Dec  6 22:52:40 2024]
Finished job 10.
1 of 5 steps (20%) done
Select jobs to execute...

[Fri Dec  6 22:52:40 2024]
rule dimensionality_reduction:
    input: /kyukon/data/gent/courses/2024/design_project_C003698/groups/group01/RNA/scripts/dimensionality_reduction/dimensionality_reduction.R, /kyukon/data/gent/courses/2024/design_project_C003698/groups/group01/RNA/SingleCellExperiment.rds, /kyukon/data/gent/courses/2024/design_project_C003698/groups/group01/RNA/doublet_detection/sample_metadata_after_doublets.txt.gz
    output: /kyukon/data/gent/courses/2024/design_project_C003698/groups/group01/RNA/dimensionality_reduction/batch_correction_SeqRun/pca_features2500_pcs15_nodiff.txt.gz
    log: /kyukon/data/gent/courses/2024/design_project_C003698/groups/group01/RNA_logs/dimensionality_reduction_features2500_pcs15_batch_correction_SeqRun_nodiff.log
    jobid: 7
    reason: Missing output files: /kyukon/data/gent/courses/2024/design_project_C003698/groups/group01/RNA/dimensionality_reduction/batch_correction_SeqRun/pca_features2500_pcs15_nodiff.txt.gz
    wildcards: batch_variable=SeqRun, dimred_sce_features=2500, dimred_sce_npcs=15, incl_samples=nodiff
    resources: tmpdir=/tmp, mem_mb=20000, mem_mib=19074

[Fri Dec  6 22:53:07 2024]
Error in rule dimensionality_reduction:
    jobid: 7
    input: /kyukon/data/gent/courses/2024/design_project_C003698/groups/group01/RNA/scripts/dimensionality_reduction/dimensionality_reduction.R, /kyukon/data/gent/courses/2024/design_project_C003698/groups/group01/RNA/SingleCellExperiment.rds, /kyukon/data/gent/courses/2024/design_project_C003698/groups/group01/RNA/doublet_detection/sample_metadata_after_doublets.txt.gz
    output: /kyukon/data/gent/courses/2024/design_project_C003698/groups/group01/RNA/dimensionality_reduction/batch_correction_SeqRun/pca_features2500_pcs15_nodiff.txt.gz
    log: /kyukon/data/gent/courses/2024/design_project_C003698/groups/group01/RNA_logs/dimensionality_reduction_features2500_pcs15_batch_correction_SeqRun_nodiff.log (check log file(s) for error details)
    shell:
        Rscript /kyukon/data/gent/courses/2024/design_project_C003698/groups/group01/RNA/scripts/dimensionality_reduction/dimensionality_reduction.R --incl_samples nodiff --sce /kyukon/data/gent/courses/2024/design_project_C003698/groups/group01/RNA/SingleCellExperiment.rds --metadata /kyukon/data/gent/courses/2024/design_project_C003698/groups/group01/RNA/doublet_detection/sample_metadata_after_doublets.txt.gz --npcs 15 --samples C1 C2 C3 Early1 Early2 Early3 --features 2500 --batch_variable SeqRun --n_neighbors 50 --min_dist 0.25 --colour_by sample nFeature_RNA nCount_RNA --outdir /kyukon/data/gent/courses/2024/design_project_C003698/groups/group01/RNA/dimensionality_reduction/batch_correction_SeqRun > /kyukon/data/gent/courses/2024/design_project_C003698/groups/group01/RNA_logs/dimensionality_reduction_features2500_pcs15_batch_correction_SeqRun_nodiff.log
        (one of the commands exited with non-zero exit code; note that snakemake uses bash strict mode!)

Shutting down, this might take some time.
Exiting because a job execution failed. Look above for error message
Complete log: .snakemake/log/2024-12-06T225121.429267.snakemake.log
