Building DAG of jobs...
Using shell: /usr/bin/bash
Provided cores: 1 (use --cores to define parallelism)
Rules claiming more threads will be scaled down.
Job stats:
job                      count    min threads    max threads
---------------------  -------  -------------  -------------
plot_stats_per_sample        1              1              1
total                        1              1              1

Select jobs to execute...

[Fri Dec  6 22:44:00 2024]
rule plot_stats_per_sample:
    input: /kyukon/data/gent/courses/2024/design_project_C003698/groups/group01/RNA/SingleCellExperiment.rds, /kyukon/data/gent/courses/2024/design_project_C003698/groups/group01/RNA/doublet_detection/sample_metadata_after_doublets.txt.gz, /kyukon/data/gent/courses/2024/design_project_C003698/groups/group01/RNA/scripts/processing/6_plot_stats.R
    output: /kyukon/data/gent/courses/2024/design_project_C003698/groups/group01/RNA/stats/ncells_per_sample.pdf
    log: /kyukon/data/gent/courses/2024/design_project_C003698/groups/group01/RNA_logs/plot_stats_per_sample.log
    jobid: 0
    reason: Missing output files: /kyukon/data/gent/courses/2024/design_project_C003698/groups/group01/RNA/stats/ncells_per_sample.pdf
    resources: tmpdir=/tmp, mem_mb=15000, mem_mib=14306

[Fri Dec  6 22:44:52 2024]
Finished job 0.
1 of 1 steps (100%) done
Complete log: .snakemake/log/2024-12-06T224351.508586.snakemake.log
