Building DAG of jobs...
Using shell: /usr/bin/bash
Provided cores: 1 (use --cores to define parallelism)
Rules claiming more threads will be scaled down.
Job stats:
job                      count    min threads    max threads
---------------------  -------  -------------  -------------
parse_doublet_results        1              1              1
total                        1              1              1

Select jobs to execute...

[Fri Dec  6 22:41:28 2024]
rule parse_doublet_results:
    input: /kyukon/data/gent/courses/2024/design_project_C003698/groups/group01/RNA/qc/sample_metadata_after_cellstate.txt.gz, /kyukon/data/gent/courses/2024/design_project_C003698/groups/group01/RNA/scripts/processing/5_parse_sample_metadata_after_doublets.R, /kyukon/data/gent/courses/2024/design_project_C003698/groups/group01/RNA/doublet_detection/doublets_all.txt.gz
    output: /kyukon/data/gent/courses/2024/design_project_C003698/groups/group01/RNA/doublet_detection/sample_metadata_after_doublets.txt.gz
    log: /kyukon/data/gent/courses/2024/design_project_C003698/groups/group01/RNA_logsparse_doublet_results.log
    jobid: 0
    reason: Missing output files: /kyukon/data/gent/courses/2024/design_project_C003698/groups/group01/RNA/doublet_detection/sample_metadata_after_doublets.txt.gz
    resources: tmpdir=/tmp, mem_mb=2000, mem_mib=1908

[Fri Dec  6 22:41:59 2024]
Finished job 0.
1 of 1 steps (100%) done
Complete log: .snakemake/log/2024-12-06T224120.585074.snakemake.log
