Building DAG of jobs...
Using shell: /usr/bin/bash
Provided cores: 1 (use --cores to define parallelism)
Rules claiming more threads will be scaled down.
Job stats:
job              count    min threads    max threads
-------------  -------  -------------  -------------
seurat_to_sce        1              1              1
total                1              1              1

Select jobs to execute...

[Fri Dec  6 22:28:48 2024]
rule seurat_to_sce:
    input: /kyukon/data/gent/courses/2024/design_project_C003698/groups/group01/RNA/seurat.rds, /kyukon/data/gent/courses/2024/design_project_C003698/groups/group01/RNA/qc/sample_metadata_after_qc.txt.gz, /kyukon/data/gent/courses/2024/design_project_C003698/groups/group01/RNA/scripts/processing/3_seurat_to_SCE.R
    output: /kyukon/data/gent/courses/2024/design_project_C003698/groups/group01/RNA/SingleCellExperiment.rds, /kyukon/data/gent/courses/2024/design_project_C003698/groups/group01/RNA/qc/sample_metadata_after_cellstate.txt.gz
    log: /kyukon/data/gent/courses/2024/design_project_C003698/groups/group01/RNA_logs/seurat_to_sce.log
    jobid: 0
    reason: Missing output files: /kyukon/data/gent/courses/2024/design_project_C003698/groups/group01/RNA/qc/sample_metadata_after_cellstate.txt.gz, /kyukon/data/gent/courses/2024/design_project_C003698/groups/group01/RNA/SingleCellExperiment.rds
    resources: tmpdir=/tmp, mem_mb=50000, mem_mib=47684

[Fri Dec  6 22:32:27 2024]
Finished job 0.
1 of 1 steps (100%) done
Complete log: .snakemake/log/2024-12-06T222840.324187.snakemake.log
