Building DAG of jobs...
Using shell: /usr/bin/bash
Provided cores: 1 (use --cores to define parallelism)
Rules claiming more threads will be scaled down.
Job stats:
job                count
---------------  -------
run_hello_world        1
total                  1

Select jobs to execute...

[Mon Nov 25 18:51:14 2024]
rule run_hello_world:
    jobid: 0
    reason: Rules with neither input nor output files are always executed.
    resources: tmpdir=/tmp

[Mon Nov 25 18:51:15 2024]
Error in rule run_hello_world:
    jobid: 0
    shell:
        Rscript hello_world.R
        (one of the commands exited with non-zero exit code; note that snakemake uses bash strict mode!)

Shutting down, this might take some time.
Exiting because a job execution failed. Look above for error message
Complete log: .snakemake/log/2024-11-25T185110.274077.snakemake.log
