Building DAG of jobs...
Using shell: /usr/bin/bash
Provided cores: 1 (use --cores to define parallelism)
Rules claiming more threads will be scaled down.
Job stats:
job                count
---------------  -------
all                    1
run_hello_world        1
total                  2

Select jobs to execute...

[Mon Nov 25 19:01:25 2024]
rule run_hello_world:
    output: hello_world_plot.png
    jobid: 1
    reason: Missing output files: hello_world_plot.png
    resources: tmpdir=/tmp

[Mon Nov 25 19:01:29 2024]
Finished job 1.
1 of 2 steps (50%) done
Select jobs to execute...

[Mon Nov 25 19:01:29 2024]
localrule all:
    input: hello_world_plot.png
    jobid: 0
    reason: Input files updated by another job: hello_world_plot.png
    resources: tmpdir=/tmp

[Mon Nov 25 19:01:29 2024]
Finished job 0.
2 of 2 steps (100%) done
Complete log: .snakemake/log/2024-11-25T190124.911014.snakemake.log
