Building DAG of jobs...
Using shell: /usr/bin/bash
Provided cores: 1 (use --cores to define parallelism)
Rules claiming more threads will be scaled down.
Job stats:
job                         count    min threads    max threads
------------------------  -------  -------------  -------------
all                             1              1              1
clustering                      8              1              1
dimensionality_reduction        1              1              1
total                          10              1              1

Select jobs to execute...

[Sat Dec  7 10:58:11 2024]
rule clustering:
    input: /kyukon/data/gent/courses/2024/design_project_C003698/groups/group01/RNA/scripts/clustering/clustering.R, /kyukon/data/gent/courses/2024/design_project_C003698/groups/group01/RNA/SingleCellExperiment.rds, /kyukon/data/gent/courses/2024/design_project_C003698/groups/group01/RNA/doublet_detection/sample_metadata_after_doublets.txt.gz
    output: /kyukon/data/gent/courses/2024/design_project_C003698/groups/group01/RNA/clustering/batch_correction_None/cluster_neighclust15_res0.25_all/sample_metadata_after_clustering.txt.gz
    log: /kyukon/data/gent/courses/2024/design_project_C003698/groups/group01/RNA_logs/clustering_neighclust15_res0.25_batch_correction_None_all.log
    jobid: 10
    reason: Missing output files: /kyukon/data/gent/courses/2024/design_project_C003698/groups/group01/RNA/clustering/batch_correction_None/cluster_neighclust15_res0.25_all/sample_metadata_after_clustering.txt.gz
    wildcards: batch_variable=None, neigh_clust=15, res=0.25, incl_samples=all
    resources: tmpdir=/tmp, mem_mb=20000, mem_mib=19074

[Sat Dec  7 11:01:50 2024]
Finished job 10.
1 of 10 steps (10%) done
Select jobs to execute...

[Sat Dec  7 11:01:50 2024]
rule clustering:
    input: /kyukon/data/gent/courses/2024/design_project_C003698/groups/group01/RNA/scripts/clustering/clustering.R, /kyukon/data/gent/courses/2024/design_project_C003698/groups/group01/RNA/SingleCellExperiment.rds, /kyukon/data/gent/courses/2024/design_project_C003698/groups/group01/RNA/doublet_detection/sample_metadata_after_doublets.txt.gz
    output: /kyukon/data/gent/courses/2024/design_project_C003698/groups/group01/RNA/clustering/batch_correction_None/cluster_neighclust15_res0.15_all/sample_metadata_after_clustering.txt.gz
    log: /kyukon/data/gent/courses/2024/design_project_C003698/groups/group01/RNA_logs/clustering_neighclust15_res0.15_batch_correction_None_all.log
    jobid: 12
    reason: Missing output files: /kyukon/data/gent/courses/2024/design_project_C003698/groups/group01/RNA/clustering/batch_correction_None/cluster_neighclust15_res0.15_all/sample_metadata_after_clustering.txt.gz
    wildcards: batch_variable=None, neigh_clust=15, res=0.15, incl_samples=all
    resources: tmpdir=/tmp, mem_mb=20000, mem_mib=19074

[Sat Dec  7 11:05:20 2024]
Finished job 12.
2 of 10 steps (20%) done
Select jobs to execute...

[Sat Dec  7 11:05:20 2024]
rule clustering:
    input: /kyukon/data/gent/courses/2024/design_project_C003698/groups/group01/RNA/scripts/clustering/clustering.R, /kyukon/data/gent/courses/2024/design_project_C003698/groups/group01/RNA/SingleCellExperiment.rds, /kyukon/data/gent/courses/2024/design_project_C003698/groups/group01/RNA/doublet_detection/sample_metadata_after_doublets.txt.gz
    output: /kyukon/data/gent/courses/2024/design_project_C003698/groups/group01/RNA/clustering/batch_correction_None/cluster_neighclust50_res0.25_all/sample_metadata_after_clustering.txt.gz
    log: /kyukon/data/gent/courses/2024/design_project_C003698/groups/group01/RNA_logs/clustering_neighclust50_res0.25_batch_correction_None_all.log
    jobid: 14
    reason: Missing output files: /kyukon/data/gent/courses/2024/design_project_C003698/groups/group01/RNA/clustering/batch_correction_None/cluster_neighclust50_res0.25_all/sample_metadata_after_clustering.txt.gz
    wildcards: batch_variable=None, neigh_clust=50, res=0.25, incl_samples=all
    resources: tmpdir=/tmp, mem_mb=20000, mem_mib=19074

[Sat Dec  7 11:09:24 2024]
Finished job 14.
3 of 10 steps (30%) done
Select jobs to execute...

[Sat Dec  7 11:09:24 2024]
rule clustering:
    input: /kyukon/data/gent/courses/2024/design_project_C003698/groups/group01/RNA/scripts/clustering/clustering.R, /kyukon/data/gent/courses/2024/design_project_C003698/groups/group01/RNA/SingleCellExperiment.rds, /kyukon/data/gent/courses/2024/design_project_C003698/groups/group01/RNA/doublet_detection/sample_metadata_after_doublets.txt.gz
    output: /kyukon/data/gent/courses/2024/design_project_C003698/groups/group01/RNA/clustering/batch_correction_None/cluster_neighclust50_res0.15_all/sample_metadata_after_clustering.txt.gz
    log: /kyukon/data/gent/courses/2024/design_project_C003698/groups/group01/RNA_logs/clustering_neighclust50_res0.15_batch_correction_None_all.log
    jobid: 16
    reason: Missing output files: /kyukon/data/gent/courses/2024/design_project_C003698/groups/group01/RNA/clustering/batch_correction_None/cluster_neighclust50_res0.15_all/sample_metadata_after_clustering.txt.gz
    wildcards: batch_variable=None, neigh_clust=50, res=0.15, incl_samples=all
    resources: tmpdir=/tmp, mem_mb=20000, mem_mib=19074

[Sat Dec  7 11:12:49 2024]
Finished job 16.
4 of 10 steps (40%) done
Select jobs to execute...

[Sat Dec  7 11:12:49 2024]
rule clustering:
    input: /kyukon/data/gent/courses/2024/design_project_C003698/groups/group01/RNA/scripts/clustering/clustering.R, /kyukon/data/gent/courses/2024/design_project_C003698/groups/group01/RNA/SingleCellExperiment.rds, /kyukon/data/gent/courses/2024/design_project_C003698/groups/group01/RNA/doublet_detection/sample_metadata_after_doublets.txt.gz
    output: /kyukon/data/gent/courses/2024/design_project_C003698/groups/group01/RNA/clustering/batch_correction_None/cluster_neighclust15_res0.25_nodiff/sample_metadata_after_clustering.txt.gz
    log: /kyukon/data/gent/courses/2024/design_project_C003698/groups/group01/RNA_logs/clustering_neighclust15_res0.25_batch_correction_None_nodiff.log
    jobid: 9
    reason: Missing output files: /kyukon/data/gent/courses/2024/design_project_C003698/groups/group01/RNA/clustering/batch_correction_None/cluster_neighclust15_res0.25_nodiff/sample_metadata_after_clustering.txt.gz
    wildcards: batch_variable=None, neigh_clust=15, res=0.25, incl_samples=nodiff
    resources: tmpdir=/tmp, mem_mb=20000, mem_mib=19074

[Sat Dec  7 11:13:10 2024]
Error in rule clustering:
    jobid: 9
    input: /kyukon/data/gent/courses/2024/design_project_C003698/groups/group01/RNA/scripts/clustering/clustering.R, /kyukon/data/gent/courses/2024/design_project_C003698/groups/group01/RNA/SingleCellExperiment.rds, /kyukon/data/gent/courses/2024/design_project_C003698/groups/group01/RNA/doublet_detection/sample_metadata_after_doublets.txt.gz
    output: /kyukon/data/gent/courses/2024/design_project_C003698/groups/group01/RNA/clustering/batch_correction_None/cluster_neighclust15_res0.25_nodiff/sample_metadata_after_clustering.txt.gz
    log: /kyukon/data/gent/courses/2024/design_project_C003698/groups/group01/RNA_logs/clustering_neighclust15_res0.25_batch_correction_None_nodiff.log (check log file(s) for error details)
    shell:
        Rscript /kyukon/data/gent/courses/2024/design_project_C003698/groups/group01/RNA/scripts/clustering/clustering.R --incl_samples nodiff --sce /kyukon/data/gent/courses/2024/design_project_C003698/groups/group01/RNA/SingleCellExperiment.rds --metadata /kyukon/data/gent/courses/2024/design_project_C003698/groups/group01/RNA/doublet_detection/sample_metadata_after_doublets.txt.gz --reorder_clusters 1 2 3 4 5 6 --npcs 15 --samples C1 C2 C3 Early1 Early2 Early3 --features 2500 --n_neighbors_clusters 15 --resolution 0.25 --batch_variable None --n_neighbors 50 --min_dist 0.25 --colour_by sample nFeature_RNA nCount_RNA --outdir /kyukon/data/gent/courses/2024/design_project_C003698/groups/group01/RNA/dimensionality_reduction/batch_correction_None --clusterdir /kyukon/data/gent/courses/2024/design_project_C003698/groups/group01/RNA/clustering/batch_correction_None > /kyukon/data/gent/courses/2024/design_project_C003698/groups/group01/RNA_logs/clustering_neighclust15_res0.25_batch_correction_None_nodiff.log
        (one of the commands exited with non-zero exit code; note that snakemake uses bash strict mode!)

Shutting down, this might take some time.
Exiting because a job execution failed. Look above for error message
Complete log: .snakemake/log/2024-12-07T105804.894764.snakemake.log
