[1] "C1"
[1] "C2"
[1] "C3"
[1] "Early1"
[1] "Early2"
[1] "Early3"
              C1    C2    C3 Early1 Early2 Early3
# features 32285 32285 32285  32285  32285  32285
# cells    18191  3793  3830  16207   8251  18133
null device 
          1 
                         orig.ident nCount_RNA nFeature_RNA            barcode
C1#AAACAGCCAACTGGGA-1 SeuratProject        380          266 AAACAGCCAACTGGGA-1
C1#AAACAGCCACAAGCCT-1 SeuratProject       1041          747 AAACAGCCACAAGCCT-1
C1#AAACAGCCACCTGCTC-1 SeuratProject        128           95 AAACAGCCACCTGCTC-1
C1#AAACAGCCACGGTTTA-1 SeuratProject        360          234 AAACAGCCACGGTTTA-1
C1#AAACAGCCAGGCCTTG-1 SeuratProject        155          118 AAACAGCCAGGCCTTG-1
C1#AAACAGCCATAATCGT-1 SeuratProject        599          387 AAACAGCCATAATCGT-1
                      sample                  cell
C1#AAACAGCCAACTGGGA-1     C1 C1#AAACAGCCAACTGGGA-1
C1#AAACAGCCACAAGCCT-1     C1 C1#AAACAGCCACAAGCCT-1
C1#AAACAGCCACCTGCTC-1     C1 C1#AAACAGCCACCTGCTC-1
C1#AAACAGCCACGGTTTA-1     C1 C1#AAACAGCCACGGTTTA-1
C1#AAACAGCCAGGCCTTG-1     C1 C1#AAACAGCCAGGCCTTG-1
C1#AAACAGCCATAATCGT-1     C1 C1#AAACAGCCATAATCGT-1
