
    C1     C2     C3 Early1 Early2 Early3 
  7801   1520    789  11063   3490   6906 
[1] "sample"       "nFeature_RNA" "nCount_RNA"  
 [1] "cell"                      "barcode"                  
 [3] "sample"                    "nFeature_RNA"             
 [5] "nCount_RNA"                "mitochondrial_percent_RNA"
 [7] "ribosomal_percent_RNA"     "pass_rnaQC"               
 [9] "doublet_score"             "doublet_call"             
null device 
          1 
[1] 31569    12

    C1     C2     C3 Early1 Early2 Early3 
  7801   1520    789  11063   3490   6906 
     [,1]     [,2]     
[1,] "C1"     "#A06932"
[2,] "C2"     "#DBB216"
[3,] "C3"     "#EFE32A"
[4,] "Early1" "#D7DB54"
[5,] "Early2" "#A7B019"
[6,] "Early3" "#9AA126"
[1] 31569    12

    C1     C2     C3 Early1 Early2 Early3 
  7801   1520    789  11063   3490   6906 
[1] 31569    12

    C1     C2     C3 Early1 Early2 Early3 
  7801   1520    789  11063   3490   6906 
